<?xml version="1.0" encoding="UTF-8"?>
<!-- Generated by org.testng.reporters.JUnitXMLReporter -->
<testsuite ignored="0" hostname="Praseela" failures="0" tests="4" name="Default test" time="108.507" errors="0" timestamp="2023-09-30T22:35:33 IST">
  <testcase classname="org.ictak.testCases.AdminTest" name="addAdminUser_TC_24" time="14.258"/>
  <testcase classname="org.ictak.testCases.AdminTest" name="adminTask_backtoDashboard_TC_35" time="13.687"/>
  <testcase classname="org.ictak.testCases.AdminTest" name="editUserAdmin_TC_26" time="41.281"/>
  <testcase classname="org.ictak.testCases.AdminTest" name="deleteAdmin_TC_26" time="39.234"/>
</testsuite> <!-- Default test -->
