<?xml version="1.0" encoding="UTF-8"?>
<!-- Generated by org.testng.reporters.JUnitXMLReporter -->
<testsuite ignored="4" hostname="Praseela" failures="0" tests="16" name="Default test" time="192.291" errors="0" timestamp="2023-10-05T19:11:06 IST">
  <testcase classname="org.ictak.testCases.LoginTest" name="validAdminLogin_TC_2" time="9.932"/>
  <testcase classname="org.ictak.testCases.LoginTest" name="verifyValidAdminAndInvalidPasswd_TC_3" time="7.84"/>
  <testcase classname="org.ictak.testCases.LoginTest" name="validTrainingHeadLogin_TC_10" time="8.054"/>
  <testcase classname="org.ictak.testCases.LoginTest" name="validPlacementOfficerLogin_TC_17" time="7.951"/>
  <testcase classname="org.ictak.testCases.LoginTest" name="verifyBlankAdminAndValidPasswd_TC_6" time="4.235"/>
  <testcase classname="org.ictak.testCases.AdminTest" name="addAdminUser_TC_24" time="14.021"/>
  <testcase classname="org.ictak.testCases.AdminTest" name="adminTask_backtoDashboard_TC_35" time="13.719"/>
  <testcase classname="org.ictak.testCases.AdminTest" name="editUserAdmin_TC_25" time="15.278"/>
  <testcase classname="org.ictak.testCases.AdminTest" name="deleteAdmin_TC_26" time="13.488"/>
  <testcase classname="org.ictak.testCases.PlacementOfficer" name="updatePlacementStatus_TC_46" time="9.077"/>
  <testcase classname="org.ictak.testCases.TrainingHead" name="trainingHeadAddLearner_TC_34" time="23.225"/>
  <testcase classname="org.ictak.testCases.TrainingHead" name="trainingHeadBulkUpdate_TC_42" time="8.827"/>
  <testcase classname="org.ictak.testCases.TrainingHead" name="trainingHeadAddLearnerBlankProject_TC_41" time="13.579"/>
  <testcase classname="org.ictak.testCases.TrainingHead" name="trainingHeadAddLearnerInvalidName_TC_38" time="15.096"/>
  <testcase classname="org.ictak.testCases.TrainingHead" name="updateLearner_TC_49" time="16.218"/>
  <testcase classname="org.ictak.testCases.TrainingHead" name="deleteLearner_TC_50" time="11.674"/>
  <testcase classname="org.ictak.testCases.TestBase" name="@BeforeSuite init" time="0.0">
    <ignored/>
  </testcase> <!-- @BeforeSuite init -->
  <testcase classname="org.ictak.testCases.TestBase" name="@BeforeSuite init" time="0.0">
    <ignored/>
  </testcase> <!-- @BeforeSuite init -->
  <testcase classname="org.ictak.testCases.TestBase" name="@BeforeSuite init" time="0.0">
    <ignored/>
  </testcase> <!-- @BeforeSuite init -->
  <testcase classname="org.ictak.testCases.TestBase" name="@BeforeSuite init" time="0.0">
    <ignored/>
  </testcase> <!-- @BeforeSuite init -->
</testsuite> <!-- Default test -->
