<?xml version="1.0" encoding="UTF-8"?>
<testng-results ignored="0" total="1" passed="1" failed="0" skipped="0">
  <reporter-output>
  </reporter-output>
  <suite started-at="2023-10-01T01:35:03 IST" name="Default suite" finished-at="2023-10-01T01:36:51 IST" duration-ms="108412">
    <groups>
    </groups>
    <test started-at="2023-10-01T01:35:03 IST" name="Default test" finished-at="2023-10-01T01:36:51 IST" duration-ms="108412">
      <class name="org.ictak.testCases.TrainingHead">
        <test-method is-config="true" signature="init()[pri:0, instance:org.ictak.testCases.TrainingHead@292b08d6]" started-at="2023-10-01T01:34:57 IST" name="init" finished-at="2023-10-01T01:35:03 IST" duration-ms="5508" status="PASS">
          <reporter-output>
          </reporter-output>
        </test-method> <!-- init -->
        <test-method signature="trainingHeadAddLearnerInvalidName_TC_38()[pri:2, instance:org.ictak.testCases.TrainingHead@292b08d6]" started-at="2023-10-01T01:35:03 IST" name="trainingHeadAddLearnerInvalidName_TC_38" finished-at="2023-10-01T01:36:51 IST" duration-ms="108373" status="PASS">
          <reporter-output>
          </reporter-output>
        </test-method> <!-- trainingHeadAddLearnerInvalidName_TC_38 -->
      </class> <!-- org.ictak.testCases.TrainingHead -->
    </test> <!-- Default test -->
  </suite> <!-- Default suite -->
</testng-results>
