<?xml version="1.0" encoding="UTF-8"?>
<testng-results ignored="0" total="20" passed="20" failed="0" skipped="0">
  <reporter-output>
  </reporter-output>
  <suite started-at="2023-10-06T01:23:26 IST" name="Default suite" finished-at="2023-10-06T01:27:34 IST" duration-ms="247703">
    <groups>
    </groups>
    <test started-at="2023-10-06T01:23:26 IST" name="Default test" finished-at="2023-10-06T01:27:34 IST" duration-ms="247703">
      <class name="org.ictak.testCases.TestBase">
        <test-method is-config="true" signature="init()[pri:0, instance:org.ictak.testCases.TestBase@45752059]" started-at="2023-10-06T01:23:21 IST" name="init" finished-at="2023-10-06T01:23:26 IST" duration-ms="5519" status="PASS">
          <reporter-output>
          </reporter-output>
        </test-method> <!-- init -->
      </class> <!-- org.ictak.testCases.TestBase -->
      <class name="org.ictak.testCases.LoginTest">
        <test-method signature="validAdminLogin_TC_2()[pri:0, instance:org.ictak.testCases.LoginTest@44c03695]" started-at="2023-10-06T01:23:26 IST" name="validAdminLogin_TC_2" finished-at="2023-10-06T01:23:36 IST" duration-ms="10339" status="PASS">
          <reporter-output>
          </reporter-output>
        </test-method> <!-- validAdminLogin_TC_2 -->
        <test-method signature="verifyValidAdminAndInvalidPasswd_TC_3()[pri:1, instance:org.ictak.testCases.LoginTest@44c03695]" started-at="2023-10-06T01:23:36 IST" name="verifyValidAdminAndInvalidPasswd_TC_3" finished-at="2023-10-06T01:23:45 IST" duration-ms="8280" status="PASS">
          <reporter-output>
          </reporter-output>
        </test-method> <!-- verifyValidAdminAndInvalidPasswd_TC_3 -->
        <test-method signature="validTrainingHeadLogin_TC_10()[pri:2, instance:org.ictak.testCases.LoginTest@44c03695]" started-at="2023-10-06T01:23:45 IST" name="validTrainingHeadLogin_TC_10" finished-at="2023-10-06T01:23:53 IST" duration-ms="8334" status="PASS">
          <reporter-output>
          </reporter-output>
        </test-method> <!-- validTrainingHeadLogin_TC_10 -->
        <test-method signature="validPlacementOfficerLogin_TC_17()[pri:3, instance:org.ictak.testCases.LoginTest@44c03695]" started-at="2023-10-06T01:23:53 IST" name="validPlacementOfficerLogin_TC_17" finished-at="2023-10-06T01:24:01 IST" duration-ms="8325" status="PASS">
          <reporter-output>
          </reporter-output>
        </test-method> <!-- validPlacementOfficerLogin_TC_17 -->
        <test-method signature="verifyBlankAdminAndValidPasswd_TC_6()[pri:4, instance:org.ictak.testCases.LoginTest@44c03695]" started-at="2023-10-06T01:24:01 IST" name="verifyBlankAdminAndValidPasswd_TC_6" finished-at="2023-10-06T01:24:06 IST" duration-ms="4342" status="PASS">
          <reporter-output>
          </reporter-output>
        </test-method> <!-- verifyBlankAdminAndValidPasswd_TC_6 -->
      </class> <!-- org.ictak.testCases.LoginTest -->
      <class name="org.ictak.testCases.PlacementOfficer">
        <test-method signature="updatePlacementStatus_TC_46()[pri:13, instance:org.ictak.testCases.PlacementOfficer@dd05255]" started-at="2023-10-06T01:25:56 IST" name="updatePlacementStatus_TC_46" finished-at="2023-10-06T01:26:08 IST" duration-ms="11831" status="PASS">
          <reporter-output>
          </reporter-output>
        </test-method> <!-- updatePlacementStatus_TC_46 -->
      </class> <!-- org.ictak.testCases.PlacementOfficer -->
      <class name="org.ictak.testCases.AdminTest">
        <test-method signature="addAdminUserRole_TC_24()[pri:5, instance:org.ictak.testCases.AdminTest@7e6f74c]" started-at="2023-10-06T01:24:06 IST" name="addAdminUserRole_TC_24" finished-at="2023-10-06T01:24:22 IST" duration-ms="15766" status="PASS">
          <reporter-output>
          </reporter-output>
        </test-method> <!-- addAdminUserRole_TC_24 -->
        <test-method signature="adminTask_backtoDashboard_TC_35()[pri:6, instance:org.ictak.testCases.AdminTest@7e6f74c]" started-at="2023-10-06T01:24:22 IST" name="adminTask_backtoDashboard_TC_35" finished-at="2023-10-06T01:24:37 IST" duration-ms="15647" status="PASS">
          <reporter-output>
          </reporter-output>
        </test-method> <!-- adminTask_backtoDashboard_TC_35 -->
        <test-method signature="editUserAdmin_TC_25()[pri:7, instance:org.ictak.testCases.AdminTest@7e6f74c]" started-at="2023-10-06T01:24:37 IST" name="editUserAdmin_TC_25" finished-at="2023-10-06T01:24:53 IST" duration-ms="15885" status="PASS">
          <reporter-output>
          </reporter-output>
        </test-method> <!-- editUserAdmin_TC_25 -->
        <test-method signature="deleteAdmin_TC_26()[pri:8, instance:org.ictak.testCases.AdminTest@7e6f74c]" started-at="2023-10-06T01:24:53 IST" name="deleteAdmin_TC_26" finished-at="2023-10-06T01:25:07 IST" duration-ms="13755" status="PASS">
          <reporter-output>
          </reporter-output>
        </test-method> <!-- deleteAdmin_TC_26 -->
        <test-method signature="adminAddUserBlankProject_TC_14()[pri:9, instance:org.ictak.testCases.AdminTest@7e6f74c]" started-at="2023-10-06T01:25:07 IST" name="adminAddUserBlankProject_TC_14" finished-at="2023-10-06T01:25:20 IST" duration-ms="13574" status="PASS">
          <reporter-output>
          </reporter-output>
        </test-method> <!-- adminAddUserBlankProject_TC_14 -->
        <test-method signature="adminAddUserInvalidProject_TC_28()[pri:10, instance:org.ictak.testCases.AdminTest@7e6f74c]" started-at="2023-10-06T01:25:21 IST" name="adminAddUserInvalidProject_TC_28" finished-at="2023-10-06T01:25:34 IST" duration-ms="13637" status="PASS">
          <reporter-output>
          </reporter-output>
        </test-method> <!-- adminAddUserInvalidProject_TC_28 -->
        <test-method signature="addTrainingHeadUserRole_TC_51()[pri:11, instance:org.ictak.testCases.AdminTest@7e6f74c]" started-at="2023-10-06T01:25:34 IST" name="addTrainingHeadUserRole_TC_51" finished-at="2023-10-06T01:25:46 IST" duration-ms="12019" status="PASS">
          <reporter-output>
          </reporter-output>
        </test-method> <!-- addTrainingHeadUserRole_TC_51 -->
        <test-method signature="adminViewUsers_TC_52()[pri:12, instance:org.ictak.testCases.AdminTest@7e6f74c]" started-at="2023-10-06T01:25:46 IST" name="adminViewUsers_TC_52" finished-at="2023-10-06T01:25:56 IST" duration-ms="10325" status="PASS">
          <reporter-output>
          </reporter-output>
        </test-method> <!-- adminViewUsers_TC_52 -->
      </class> <!-- org.ictak.testCases.AdminTest -->
      <class name="org.ictak.testCases.TrainingHead">
        <test-method signature="trainingHeadAddLearner_TC_34()[pri:14, instance:org.ictak.testCases.TrainingHead@6a78afa0]" started-at="2023-10-06T01:26:08 IST" name="trainingHeadAddLearner_TC_34" finished-at="2023-10-06T01:26:24 IST" duration-ms="15848" status="PASS">
          <reporter-output>
          </reporter-output>
        </test-method> <!-- trainingHeadAddLearner_TC_34 -->
        <test-method signature="trainingHeadBulkUpdate_TC_42()[pri:15, instance:org.ictak.testCases.TrainingHead@6a78afa0]" started-at="2023-10-06T01:26:24 IST" name="trainingHeadBulkUpdate_TC_42" finished-at="2023-10-06T01:26:33 IST" duration-ms="8897" status="PASS">
          <reporter-output>
          </reporter-output>
        </test-method> <!-- trainingHeadBulkUpdate_TC_42 -->
        <test-method signature="trainingHeadAddLearnerBlankProject_TC_41()[pri:16, instance:org.ictak.testCases.TrainingHead@6a78afa0]" started-at="2023-10-06T01:26:33 IST" name="trainingHeadAddLearnerBlankProject_TC_41" finished-at="2023-10-06T01:26:47 IST" duration-ms="14256" status="PASS">
          <reporter-output>
          </reporter-output>
        </test-method> <!-- trainingHeadAddLearnerBlankProject_TC_41 -->
        <test-method signature="trainingHeadAddLearnerInvalidName_TC_38()[pri:17, instance:org.ictak.testCases.TrainingHead@6a78afa0]" started-at="2023-10-06T01:26:47 IST" name="trainingHeadAddLearnerInvalidName_TC_38" finished-at="2023-10-06T01:27:03 IST" duration-ms="15791" status="PASS">
          <reporter-output>
          </reporter-output>
        </test-method> <!-- trainingHeadAddLearnerInvalidName_TC_38 -->
        <test-method signature="updateLearner_TC_49()[pri:18, instance:org.ictak.testCases.TrainingHead@6a78afa0]" started-at="2023-10-06T01:27:03 IST" name="updateLearner_TC_49" finished-at="2023-10-06T01:27:20 IST" duration-ms="16991" status="PASS">
          <reporter-output>
          </reporter-output>
        </test-method> <!-- updateLearner_TC_49 -->
        <test-method signature="deleteLearner_TC_50()[pri:19, instance:org.ictak.testCases.TrainingHead@6a78afa0]" started-at="2023-10-06T01:27:20 IST" name="deleteLearner_TC_50" finished-at="2023-10-06T01:27:34 IST" duration-ms="13675" status="PASS">
          <reporter-output>
          </reporter-output>
        </test-method> <!-- deleteLearner_TC_50 -->
      </class> <!-- org.ictak.testCases.TrainingHead -->
    </test> <!-- Default test -->
  </suite> <!-- Default suite -->
</testng-results>
